2020-05-30 13:02:56.060  INFO 18399 --- [main] c.s.j.JobFinderApiApplicationTests       : Starting JobFinderApiApplicationTests on Pankajs-MBP-2 with PID 18399 (started by pankajpardasani in /Users/pankajpardasani/Projects/Job/jobfinder)
2020-05-30 13:02:56.062  INFO 18399 --- [main] c.s.j.JobFinderApiApplicationTests       : No active profile set, falling back to default profiles: default
2020-05-30 13:02:57.594  INFO 18399 --- [main] o.s.b.a.e.web.EndpointLinksResolver      : Exposing 2 endpoint(s) beneath base path '/actuator'
2020-05-30 13:02:57.700  INFO 18399 --- [main] pertySourcedRequestMappingHandlerMapping : Mapped URL path [/v2/api-docs] onto method [springfox.documentation.swagger2.web.Swagger2Controller#getDocumentation(String, HttpServletRequest)]
2020-05-30 13:02:57.888  INFO 18399 --- [main] o.s.s.concurrent.ThreadPoolTaskExecutor  : Initializing ExecutorService 'applicationTaskExecutor'
2020-05-30 13:02:58.168  INFO 18399 --- [main] d.s.w.p.DocumentationPluginsBootstrapper : Context refreshed
2020-05-30 13:02:58.197  INFO 18399 --- [main] d.s.w.p.DocumentationPluginsBootstrapper : Found 1 custom documentation plugin(s)
2020-05-30 13:02:58.225  INFO 18399 --- [main] s.d.s.w.s.ApiListingReferenceScanner     : Scanning for api listing references
2020-05-30 13:02:58.323  INFO 18399 --- [main] c.s.j.JobFinderApiApplicationTests       : Started JobFinderApiApplicationTests in 2.577 seconds (JVM running for 3.226)
2020-05-30 13:02:58.689  INFO 18399 --- [SpringContextShutdownHook] o.s.s.concurrent.ThreadPoolTaskExecutor  : Shutting down ExecutorService 'applicationTaskExecutor'
2020-05-30 13:09:12.083  INFO 18442 --- [main] c.s.j.JobFinderApiApplicationTests       : Starting JobFinderApiApplicationTests on Pankajs-MBP-2 with PID 18442 (started by pankajpardasani in /Users/pankajpardasani/Projects/Job/jobfinder)
2020-05-30 13:09:12.084  INFO 18442 --- [main] c.s.j.JobFinderApiApplicationTests       : No active profile set, falling back to default profiles: default
2020-05-30 13:09:13.627  INFO 18442 --- [main] o.s.b.a.e.web.EndpointLinksResolver      : Exposing 2 endpoint(s) beneath base path '/actuator'
2020-05-30 13:09:13.735  INFO 18442 --- [main] pertySourcedRequestMappingHandlerMapping : Mapped URL path [/v2/api-docs] onto method [springfox.documentation.swagger2.web.Swagger2Controller#getDocumentation(String, HttpServletRequest)]
2020-05-30 13:09:13.917  INFO 18442 --- [main] o.s.s.concurrent.ThreadPoolTaskExecutor  : Initializing ExecutorService 'applicationTaskExecutor'
2020-05-30 13:09:14.202  INFO 18442 --- [main] d.s.w.p.DocumentationPluginsBootstrapper : Context refreshed
2020-05-30 13:09:14.232  INFO 18442 --- [main] d.s.w.p.DocumentationPluginsBootstrapper : Found 1 custom documentation plugin(s)
2020-05-30 13:09:14.257  INFO 18442 --- [main] s.d.s.w.s.ApiListingReferenceScanner     : Scanning for api listing references
2020-05-30 13:09:14.353  INFO 18442 --- [main] c.s.j.JobFinderApiApplicationTests       : Started JobFinderApiApplicationTests in 2.473 seconds (JVM running for 3.231)
2020-05-30 13:09:14.732  INFO 18442 --- [SpringContextShutdownHook] o.s.s.concurrent.ThreadPoolTaskExecutor  : Shutting down ExecutorService 'applicationTaskExecutor'
2020-05-30 13:09:59.376  INFO 18454 --- [main] c.s.j.JobFinderApiApplicationTests       : Starting JobFinderApiApplicationTests on Pankajs-MBP-2 with PID 18454 (started by pankajpardasani in /Users/pankajpardasani/Projects/Job/jobfinder)
2020-05-30 13:09:59.378  INFO 18454 --- [main] c.s.j.JobFinderApiApplicationTests       : No active profile set, falling back to default profiles: default
2020-05-30 13:10:00.918  INFO 18454 --- [main] o.s.b.a.e.web.EndpointLinksResolver      : Exposing 2 endpoint(s) beneath base path '/actuator'
2020-05-30 13:10:01.022  INFO 18454 --- [main] pertySourcedRequestMappingHandlerMapping : Mapped URL path [/v2/api-docs] onto method [springfox.documentation.swagger2.web.Swagger2Controller#getDocumentation(String, HttpServletRequest)]
2020-05-30 13:10:01.217  INFO 18454 --- [main] o.s.s.concurrent.ThreadPoolTaskExecutor  : Initializing ExecutorService 'applicationTaskExecutor'
2020-05-30 13:10:01.490  INFO 18454 --- [main] d.s.w.p.DocumentationPluginsBootstrapper : Context refreshed
2020-05-30 13:10:01.502  INFO 18454 --- [main] d.s.w.p.DocumentationPluginsBootstrapper : Found 1 custom documentation plugin(s)
2020-05-30 13:10:01.522  INFO 18454 --- [main] s.d.s.w.s.ApiListingReferenceScanner     : Scanning for api listing references
2020-05-30 13:10:01.648  INFO 18454 --- [main] c.s.j.JobFinderApiApplicationTests       : Started JobFinderApiApplicationTests in 2.465 seconds (JVM running for 3.13)
2020-05-30 13:10:02.025  INFO 18454 --- [SpringContextShutdownHook] o.s.s.concurrent.ThreadPoolTaskExecutor  : Shutting down ExecutorService 'applicationTaskExecutor'
2020-05-30 15:07:49.621  INFO 18738 --- [main] c.s.j.JobFinderApiApplicationTests       : Starting JobFinderApiApplicationTests on Pankajs-MBP-2 with PID 18738 (started by pankajpardasani in /Users/pankajpardasani/Projects/Job/jobfinder)
2020-05-30 15:07:49.624  INFO 18738 --- [main] c.s.j.JobFinderApiApplicationTests       : No active profile set, falling back to default profiles: default
2020-05-30 15:07:51.150  INFO 18738 --- [main] o.s.b.a.e.web.EndpointLinksResolver      : Exposing 2 endpoint(s) beneath base path '/actuator'
2020-05-30 15:07:51.250  INFO 18738 --- [main] pertySourcedRequestMappingHandlerMapping : Mapped URL path [/v2/api-docs] onto method [springfox.documentation.swagger2.web.Swagger2Controller#getDocumentation(String, HttpServletRequest)]
2020-05-30 15:07:51.416  INFO 18738 --- [main] o.s.s.concurrent.ThreadPoolTaskExecutor  : Initializing ExecutorService 'applicationTaskExecutor'
2020-05-30 15:07:51.690  INFO 18738 --- [main] d.s.w.p.DocumentationPluginsBootstrapper : Context refreshed
2020-05-30 15:07:51.706  INFO 18738 --- [main] d.s.w.p.DocumentationPluginsBootstrapper : Found 1 custom documentation plugin(s)
2020-05-30 15:07:51.726  INFO 18738 --- [main] s.d.s.w.s.ApiListingReferenceScanner     : Scanning for api listing references
2020-05-30 15:07:51.822  INFO 18738 --- [main] c.s.j.JobFinderApiApplicationTests       : Started JobFinderApiApplicationTests in 2.55 seconds (JVM running for 3.272)
2020-05-30 15:07:52.172  INFO 18738 --- [SpringContextShutdownHook] o.s.s.concurrent.ThreadPoolTaskExecutor  : Shutting down ExecutorService 'applicationTaskExecutor'
2020-05-30 15:23:01.643  INFO 18822 --- [main] c.s.j.JobFinderApiApplicationTests       : Starting JobFinderApiApplicationTests on Pankajs-MBP-2 with PID 18822 (started by pankajpardasani in /Users/pankajpardasani/Projects/Job/jobfinder)
2020-05-30 15:23:01.644  INFO 18822 --- [main] c.s.j.JobFinderApiApplicationTests       : No active profile set, falling back to default profiles: default
2020-05-30 15:23:03.234  INFO 18822 --- [main] o.s.b.a.e.web.EndpointLinksResolver      : Exposing 2 endpoint(s) beneath base path '/actuator'
2020-05-30 15:23:03.355  INFO 18822 --- [main] pertySourcedRequestMappingHandlerMapping : Mapped URL path [/v2/api-docs] onto method [springfox.documentation.swagger2.web.Swagger2Controller#getDocumentation(String, HttpServletRequest)]
2020-05-30 15:23:03.511  INFO 18822 --- [main] o.s.s.concurrent.ThreadPoolTaskExecutor  : Initializing ExecutorService 'applicationTaskExecutor'
2020-05-30 15:23:03.746  INFO 18822 --- [main] d.s.w.p.DocumentationPluginsBootstrapper : Context refreshed
2020-05-30 15:23:03.762  INFO 18822 --- [main] d.s.w.p.DocumentationPluginsBootstrapper : Found 1 custom documentation plugin(s)
2020-05-30 15:23:03.780  INFO 18822 --- [main] s.d.s.w.s.ApiListingReferenceScanner     : Scanning for api listing references
2020-05-30 15:23:03.887  INFO 18822 --- [main] c.s.j.JobFinderApiApplicationTests       : Started JobFinderApiApplicationTests in 2.49 seconds (JVM running for 3.198)
2020-05-30 15:23:04.209  INFO 18822 --- [SpringContextShutdownHook] o.s.s.concurrent.ThreadPoolTaskExecutor  : Shutting down ExecutorService 'applicationTaskExecutor'
2020-05-30 15:24:51.957  INFO 18851 --- [main] c.s.j.JobFinderApiApplicationTests       : Starting JobFinderApiApplicationTests on Pankajs-MBP-2 with PID 18851 (started by pankajpardasani in /Users/pankajpardasani/Projects/Job/jobfinder)
2020-05-30 15:24:51.958  INFO 18851 --- [main] c.s.j.JobFinderApiApplicationTests       : No active profile set, falling back to default profiles: default
2020-05-30 15:24:53.332  INFO 18851 --- [main] o.s.b.a.e.web.EndpointLinksResolver      : Exposing 2 endpoint(s) beneath base path '/actuator'
2020-05-30 15:24:53.429  INFO 18851 --- [main] pertySourcedRequestMappingHandlerMapping : Mapped URL path [/v2/api-docs] onto method [springfox.documentation.swagger2.web.Swagger2Controller#getDocumentation(String, HttpServletRequest)]
2020-05-30 15:24:53.582  INFO 18851 --- [main] o.s.s.concurrent.ThreadPoolTaskExecutor  : Initializing ExecutorService 'applicationTaskExecutor'
2020-05-30 15:24:53.829  INFO 18851 --- [main] d.s.w.p.DocumentationPluginsBootstrapper : Context refreshed
2020-05-30 15:24:53.841  INFO 18851 --- [main] d.s.w.p.DocumentationPluginsBootstrapper : Found 1 custom documentation plugin(s)
2020-05-30 15:24:53.858  INFO 18851 --- [main] s.d.s.w.s.ApiListingReferenceScanner     : Scanning for api listing references
2020-05-30 15:24:53.969  INFO 18851 --- [main] c.s.j.JobFinderApiApplicationTests       : Started JobFinderApiApplicationTests in 2.2 seconds (JVM running for 2.822)
2020-05-30 15:24:54.303  INFO 18851 --- [SpringContextShutdownHook] o.s.s.concurrent.ThreadPoolTaskExecutor  : Shutting down ExecutorService 'applicationTaskExecutor'
2020-05-30 16:41:53.026  INFO 19148 --- [main] c.s.j.JobFinderApiApplicationTests       : Starting JobFinderApiApplicationTests on Pankajs-MBP-2 with PID 19148 (started by pankajpardasani in /Users/pankajpardasani/Projects/Job/jobfinder)
2020-05-30 16:41:53.028  INFO 19148 --- [main] c.s.j.JobFinderApiApplicationTests       : No active profile set, falling back to default profiles: default
2020-05-30 16:41:54.575  INFO 19148 --- [main] o.s.b.a.e.web.EndpointLinksResolver      : Exposing 2 endpoint(s) beneath base path '/actuator'
2020-05-30 16:41:54.675  INFO 19148 --- [main] pertySourcedRequestMappingHandlerMapping : Mapped URL path [/v2/api-docs] onto method [springfox.documentation.swagger2.web.Swagger2Controller#getDocumentation(String, HttpServletRequest)]
2020-05-30 16:41:54.857  INFO 19148 --- [main] o.s.s.concurrent.ThreadPoolTaskExecutor  : Initializing ExecutorService 'applicationTaskExecutor'
2020-05-30 16:41:55.126  INFO 19148 --- [main] d.s.w.p.DocumentationPluginsBootstrapper : Context refreshed
2020-05-30 16:41:55.143  INFO 19148 --- [main] d.s.w.p.DocumentationPluginsBootstrapper : Found 1 custom documentation plugin(s)
2020-05-30 16:41:55.174  INFO 19148 --- [main] s.d.s.w.s.ApiListingReferenceScanner     : Scanning for api listing references
2020-05-30 16:41:55.286  INFO 19148 --- [main] c.s.j.JobFinderApiApplicationTests       : Started JobFinderApiApplicationTests in 2.469 seconds (JVM running for 3.171)
2020-05-30 16:41:55.627  INFO 19148 --- [SpringContextShutdownHook] o.s.s.concurrent.ThreadPoolTaskExecutor  : Shutting down ExecutorService 'applicationTaskExecutor'
2020-05-30 16:44:21.155  INFO 19179 --- [main] c.s.j.JobFinderApiApplicationTests       : Starting JobFinderApiApplicationTests on Pankajs-MBP-2 with PID 19179 (started by pankajpardasani in /Users/pankajpardasani/Projects/Job/jobfinder)
2020-05-30 16:44:21.156  INFO 19179 --- [main] c.s.j.JobFinderApiApplicationTests       : No active profile set, falling back to default profiles: default
2020-05-30 16:44:22.500  INFO 19179 --- [main] o.s.b.a.e.web.EndpointLinksResolver      : Exposing 2 endpoint(s) beneath base path '/actuator'
2020-05-30 16:44:22.597  INFO 19179 --- [main] pertySourcedRequestMappingHandlerMapping : Mapped URL path [/v2/api-docs] onto method [springfox.documentation.swagger2.web.Swagger2Controller#getDocumentation(String, HttpServletRequest)]
2020-05-30 16:44:22.763  INFO 19179 --- [main] o.s.s.concurrent.ThreadPoolTaskExecutor  : Initializing ExecutorService 'applicationTaskExecutor'
2020-05-30 16:44:23.016  INFO 19179 --- [main] d.s.w.p.DocumentationPluginsBootstrapper : Context refreshed
2020-05-30 16:44:23.043  INFO 19179 --- [main] d.s.w.p.DocumentationPluginsBootstrapper : Found 1 custom documentation plugin(s)
2020-05-30 16:44:23.067  INFO 19179 --- [main] s.d.s.w.s.ApiListingReferenceScanner     : Scanning for api listing references
2020-05-30 16:44:23.162  INFO 19179 --- [main] c.s.j.JobFinderApiApplicationTests       : Started JobFinderApiApplicationTests in 2.194 seconds (JVM running for 2.79)
2020-05-30 16:44:23.507  INFO 19179 --- [SpringContextShutdownHook] o.s.s.concurrent.ThreadPoolTaskExecutor  : Shutting down ExecutorService 'applicationTaskExecutor'
2020-05-30 16:44:37.747  INFO 19199 --- [main] c.s.j.JobFinderApiApplicationTests       : Starting JobFinderApiApplicationTests on Pankajs-MBP-2 with PID 19199 (started by pankajpardasani in /Users/pankajpardasani/Projects/Job/jobfinder)
2020-05-30 16:44:37.748  INFO 19199 --- [main] c.s.j.JobFinderApiApplicationTests       : No active profile set, falling back to default profiles: default
2020-05-30 16:44:39.318  INFO 19199 --- [main] o.s.b.a.e.web.EndpointLinksResolver      : Exposing 2 endpoint(s) beneath base path '/actuator'
2020-05-30 16:44:39.429  INFO 19199 --- [main] pertySourcedRequestMappingHandlerMapping : Mapped URL path [/v2/api-docs] onto method [springfox.documentation.swagger2.web.Swagger2Controller#getDocumentation(String, HttpServletRequest)]
2020-05-30 16:44:39.603  INFO 19199 --- [main] o.s.s.concurrent.ThreadPoolTaskExecutor  : Initializing ExecutorService 'applicationTaskExecutor'
2020-05-30 16:44:39.893  INFO 19199 --- [main] d.s.w.p.DocumentationPluginsBootstrapper : Context refreshed
2020-05-30 16:44:39.906  INFO 19199 --- [main] d.s.w.p.DocumentationPluginsBootstrapper : Found 1 custom documentation plugin(s)
2020-05-30 16:44:39.925  INFO 19199 --- [main] s.d.s.w.s.ApiListingReferenceScanner     : Scanning for api listing references
2020-05-30 16:44:40.048  INFO 19199 --- [main] c.s.j.JobFinderApiApplicationTests       : Started JobFinderApiApplicationTests in 2.507 seconds (JVM running for 3.17)
2020-05-30 16:44:40.438  INFO 19199 --- [SpringContextShutdownHook] o.s.s.concurrent.ThreadPoolTaskExecutor  : Shutting down ExecutorService 'applicationTaskExecutor'
2020-05-30 16:47:52.695  INFO 19241 --- [main] c.s.j.JobFinderApiApplicationTests       : Starting JobFinderApiApplicationTests on Pankajs-MBP-2 with PID 19241 (started by pankajpardasani in /Users/pankajpardasani/Projects/Job/jobfinder)
2020-05-30 16:47:52.696  INFO 19241 --- [main] c.s.j.JobFinderApiApplicationTests       : No active profile set, falling back to default profiles: default
2020-05-30 16:47:54.041  INFO 19241 --- [main] o.s.b.a.e.web.EndpointLinksResolver      : Exposing 2 endpoint(s) beneath base path '/actuator'
2020-05-30 16:47:54.135  INFO 19241 --- [main] pertySourcedRequestMappingHandlerMapping : Mapped URL path [/v2/api-docs] onto method [springfox.documentation.swagger2.web.Swagger2Controller#getDocumentation(String, HttpServletRequest)]
2020-05-30 16:47:54.284  INFO 19241 --- [main] o.s.s.concurrent.ThreadPoolTaskExecutor  : Initializing ExecutorService 'applicationTaskExecutor'
2020-05-30 16:47:54.542  INFO 19241 --- [main] d.s.w.p.DocumentationPluginsBootstrapper : Context refreshed
2020-05-30 16:47:54.554  INFO 19241 --- [main] d.s.w.p.DocumentationPluginsBootstrapper : Found 1 custom documentation plugin(s)
2020-05-30 16:47:54.585  INFO 19241 --- [main] s.d.s.w.s.ApiListingReferenceScanner     : Scanning for api listing references
2020-05-30 16:47:54.684  INFO 19241 --- [main] c.s.j.JobFinderApiApplicationTests       : Started JobFinderApiApplicationTests in 2.165 seconds (JVM running for 2.768)
2020-05-30 16:47:54.999  INFO 19241 --- [SpringContextShutdownHook] o.s.s.concurrent.ThreadPoolTaskExecutor  : Shutting down ExecutorService 'applicationTaskExecutor'
2020-05-30 16:57:55.901  INFO 19301 --- [main] c.s.j.JobFinderApiApplicationTests       : Starting JobFinderApiApplicationTests on Pankajs-MBP-2 with PID 19301 (started by pankajpardasani in /Users/pankajpardasani/Projects/Job/jobfinder)
2020-05-30 16:57:55.903  INFO 19301 --- [main] c.s.j.JobFinderApiApplicationTests       : No active profile set, falling back to default profiles: default
2020-05-30 16:57:57.311  INFO 19301 --- [main] o.s.b.a.e.web.EndpointLinksResolver      : Exposing 2 endpoint(s) beneath base path '/actuator'
2020-05-30 16:57:57.402  INFO 19301 --- [main] pertySourcedRequestMappingHandlerMapping : Mapped URL path [/v2/api-docs] onto method [springfox.documentation.swagger2.web.Swagger2Controller#getDocumentation(String, HttpServletRequest)]
2020-05-30 16:57:57.553  INFO 19301 --- [main] o.s.s.concurrent.ThreadPoolTaskExecutor  : Initializing ExecutorService 'applicationTaskExecutor'
2020-05-30 16:57:57.811  INFO 19301 --- [main] d.s.w.p.DocumentationPluginsBootstrapper : Context refreshed
2020-05-30 16:57:57.822  INFO 19301 --- [main] d.s.w.p.DocumentationPluginsBootstrapper : Found 1 custom documentation plugin(s)
2020-05-30 16:57:57.851  INFO 19301 --- [main] s.d.s.w.s.ApiListingReferenceScanner     : Scanning for api listing references
2020-05-30 16:57:57.943  INFO 19301 --- [main] c.s.j.JobFinderApiApplicationTests       : Started JobFinderApiApplicationTests in 2.242 seconds (JVM running for 2.881)
2020-05-30 16:57:58.275  INFO 19301 --- [SpringContextShutdownHook] o.s.s.concurrent.ThreadPoolTaskExecutor  : Shutting down ExecutorService 'applicationTaskExecutor'
2020-05-30 16:58:23.205  INFO 19328 --- [main] c.s.jobfinder.JobFinderApiApplication    : Starting JobFinderApiApplication on Pankajs-MBP-2 with PID 19328 (/Users/pankajpardasani/Projects/Job/jobfinder/target/classes started by pankajpardasani in /Users/pankajpardasani/Projects/Job/jobfinder)
2020-05-30 16:58:23.206  INFO 19328 --- [main] c.s.jobfinder.JobFinderApiApplication    : No active profile set, falling back to default profiles: default
2020-05-30 16:58:24.120  INFO 19328 --- [main] o.s.b.w.embedded.tomcat.TomcatWebServer  : Tomcat initialized with port(s): 8080 (http)
2020-05-30 16:58:24.127  INFO 19328 --- [main] o.apache.catalina.core.StandardService   : Starting service [Tomcat]
2020-05-30 16:58:24.127  INFO 19328 --- [main] org.apache.catalina.core.StandardEngine  : Starting Servlet engine: [Apache Tomcat/9.0.34]
2020-05-30 16:58:24.178  INFO 19328 --- [main] o.a.c.c.C.[Tomcat].[localhost].[/]       : Initializing Spring embedded WebApplicationContext
2020-05-30 16:58:24.178  INFO 19328 --- [main] o.s.web.context.ContextLoader            : Root WebApplicationContext: initialization completed in 946 ms
2020-05-30 16:58:24.502  INFO 19328 --- [main] o.s.b.a.e.web.EndpointLinksResolver      : Exposing 2 endpoint(s) beneath base path '/actuator'
2020-05-30 16:58:24.545  INFO 19328 --- [main] pertySourcedRequestMappingHandlerMapping : Mapped URL path [/v2/api-docs] onto method [springfox.documentation.swagger2.web.Swagger2Controller#getDocumentation(String, HttpServletRequest)]
2020-05-30 16:58:24.601  INFO 19328 --- [main] o.s.s.concurrent.ThreadPoolTaskExecutor  : Initializing ExecutorService 'applicationTaskExecutor'
2020-05-30 16:58:24.724  INFO 19328 --- [main] d.s.w.p.DocumentationPluginsBootstrapper : Context refreshed
2020-05-30 16:58:24.735  INFO 19328 --- [main] d.s.w.p.DocumentationPluginsBootstrapper : Found 1 custom documentation plugin(s)
2020-05-30 16:58:24.751  INFO 19328 --- [main] s.d.s.w.s.ApiListingReferenceScanner     : Scanning for api listing references
2020-05-30 16:58:24.856  INFO 19328 --- [main] o.s.b.w.embedded.tomcat.TomcatWebServer  : Tomcat started on port(s): 8080 (http) with context path ''
2020-05-30 16:58:24.859  INFO 19328 --- [main] c.s.jobfinder.JobFinderApiApplication    : Started JobFinderApiApplication in 1.902 seconds (JVM running for 2.113)
2020-05-30 17:00:10.347  INFO 19499 --- [main] c.s.jobfinder.JobFinderApiApplication    : Starting JobFinderApiApplication on Pankajs-MBP-2 with PID 19499 (/Users/pankajpardasani/Projects/Job/jobfinder/target/classes started by pankajpardasani in /Users/pankajpardasani/Projects/Job/jobfinder)
2020-05-30 17:00:10.349  INFO 19499 --- [main] c.s.jobfinder.JobFinderApiApplication    : No active profile set, falling back to default profiles: default
2020-05-30 17:00:11.265  INFO 19499 --- [main] o.s.b.w.embedded.tomcat.TomcatWebServer  : Tomcat initialized with port(s): 8080 (http)
2020-05-30 17:00:11.272  INFO 19499 --- [main] o.apache.catalina.core.StandardService   : Starting service [Tomcat]
2020-05-30 17:00:11.272  INFO 19499 --- [main] org.apache.catalina.core.StandardEngine  : Starting Servlet engine: [Apache Tomcat/9.0.34]
2020-05-30 17:00:11.320  INFO 19499 --- [main] o.a.c.c.C.[Tomcat].[localhost].[/]       : Initializing Spring embedded WebApplicationContext
2020-05-30 17:00:11.320  INFO 19499 --- [main] o.s.web.context.ContextLoader            : Root WebApplicationContext: initialization completed in 945 ms
2020-05-30 17:00:11.645  INFO 19499 --- [main] o.s.b.a.e.web.EndpointLinksResolver      : Exposing 2 endpoint(s) beneath base path '/actuator'
2020-05-30 17:00:11.690  INFO 19499 --- [main] pertySourcedRequestMappingHandlerMapping : Mapped URL path [/v2/api-docs] onto method [springfox.documentation.swagger2.web.Swagger2Controller#getDocumentation(String, HttpServletRequest)]
2020-05-30 17:00:11.748  INFO 19499 --- [main] o.s.s.concurrent.ThreadPoolTaskExecutor  : Initializing ExecutorService 'applicationTaskExecutor'
2020-05-30 17:00:11.873  INFO 19499 --- [main] d.s.w.p.DocumentationPluginsBootstrapper : Context refreshed
2020-05-30 17:00:11.885  INFO 19499 --- [main] d.s.w.p.DocumentationPluginsBootstrapper : Found 1 custom documentation plugin(s)
2020-05-30 17:00:11.903  INFO 19499 --- [main] s.d.s.w.s.ApiListingReferenceScanner     : Scanning for api listing references
2020-05-30 17:00:12.001  INFO 19499 --- [main] o.s.b.w.embedded.tomcat.TomcatWebServer  : Tomcat started on port(s): 8080 (http) with context path ''
2020-05-30 17:00:12.004  INFO 19499 --- [main] c.s.jobfinder.JobFinderApiApplication    : Started JobFinderApiApplication in 1.898 seconds (JVM running for 2.115)
2020-05-30 17:00:13.926  INFO 19499 --- [SpringContextShutdownHook] o.s.s.concurrent.ThreadPoolTaskExecutor  : Shutting down ExecutorService 'applicationTaskExecutor'
2020-05-30 17:01:04.111  INFO 19520 --- [main] c.s.jobfinder.JobFinderApiApplication    : Starting JobFinderApiApplication on Pankajs-MBP-2 with PID 19520 (/Users/pankajpardasani/Projects/Job/jobfinder/target/classes started by pankajpardasani in /Users/pankajpardasani/Projects/Job/jobfinder)
2020-05-30 17:01:04.113  INFO 19520 --- [main] c.s.jobfinder.JobFinderApiApplication    : No active profile set, falling back to default profiles: default
2020-05-30 17:01:05.240  INFO 19520 --- [main] o.s.b.w.embedded.tomcat.TomcatWebServer  : Tomcat initialized with port(s): 8080 (http)
2020-05-30 17:01:05.249  INFO 19520 --- [main] o.apache.catalina.core.StandardService   : Starting service [Tomcat]
2020-05-30 17:01:05.249  INFO 19520 --- [main] org.apache.catalina.core.StandardEngine  : Starting Servlet engine: [Apache Tomcat/9.0.34]
2020-05-30 17:01:05.316  INFO 19520 --- [main] o.a.c.c.C.[Tomcat].[localhost].[/]       : Initializing Spring embedded WebApplicationContext
2020-05-30 17:01:05.316  INFO 19520 --- [main] o.s.web.context.ContextLoader            : Root WebApplicationContext: initialization completed in 1168 ms
2020-05-30 17:01:05.693  INFO 19520 --- [main] o.s.b.a.e.web.EndpointLinksResolver      : Exposing 2 endpoint(s) beneath base path '/actuator'
2020-05-30 17:01:05.749  INFO 19520 --- [main] pertySourcedRequestMappingHandlerMapping : Mapped URL path [/v2/api-docs] onto method [springfox.documentation.swagger2.web.Swagger2Controller#getDocumentation(String, HttpServletRequest)]
2020-05-30 17:01:05.809  INFO 19520 --- [main] o.s.s.concurrent.ThreadPoolTaskExecutor  : Initializing ExecutorService 'applicationTaskExecutor'
2020-05-30 17:01:05.948  INFO 19520 --- [main] d.s.w.p.DocumentationPluginsBootstrapper : Context refreshed
2020-05-30 17:01:05.966  INFO 19520 --- [main] d.s.w.p.DocumentationPluginsBootstrapper : Found 1 custom documentation plugin(s)
2020-05-30 17:01:05.985  INFO 19520 --- [main] s.d.s.w.s.ApiListingReferenceScanner     : Scanning for api listing references
2020-05-30 17:01:06.101  INFO 19520 --- [main] o.s.b.w.embedded.tomcat.TomcatWebServer  : Tomcat started on port(s): 8080 (http) with context path ''
2020-05-30 17:01:06.104  INFO 19520 --- [main] c.s.jobfinder.JobFinderApiApplication    : Started JobFinderApiApplication in 2.286 seconds (JVM running for 2.577)
2020-05-30 17:01:11.411  INFO 19520 --- [http-nio-8080-exec-1] o.a.c.c.C.[Tomcat].[localhost].[/]       : Initializing Spring DispatcherServlet 'dispatcherServlet'
2020-05-30 17:01:11.412  INFO 19520 --- [http-nio-8080-exec-1] o.s.web.servlet.DispatcherServlet        : Initializing Servlet 'dispatcherServlet'
2020-05-30 17:01:11.417  INFO 19520 --- [http-nio-8080-exec-1] o.s.web.servlet.DispatcherServlet        : Completed initialization in 5 ms
2020-05-30 17:01:27.189  INFO 19520 --- [SpringContextShutdownHook] o.s.s.concurrent.ThreadPoolTaskExecutor  : Shutting down ExecutorService 'applicationTaskExecutor'
2020-05-30 17:04:25.749  INFO 19562 --- [main] c.s.j.JobFinderApiApplicationTests       : Starting JobFinderApiApplicationTests on Pankajs-MBP-2 with PID 19562 (started by pankajpardasani in /Users/pankajpardasani/Projects/Job/jobfinder)
2020-05-30 17:04:25.750  INFO 19562 --- [main] c.s.j.JobFinderApiApplicationTests       : No active profile set, falling back to default profiles: default
2020-05-30 17:04:27.329  INFO 19562 --- [main] o.s.b.a.e.web.EndpointLinksResolver      : Exposing 2 endpoint(s) beneath base path '/actuator'
2020-05-30 17:04:27.435  INFO 19562 --- [main] pertySourcedRequestMappingHandlerMapping : Mapped URL path [/v2/api-docs] onto method [springfox.documentation.swagger2.web.Swagger2Controller#getDocumentation(String, HttpServletRequest)]
2020-05-30 17:04:27.613  INFO 19562 --- [main] o.s.s.concurrent.ThreadPoolTaskExecutor  : Initializing ExecutorService 'applicationTaskExecutor'
2020-05-30 17:04:27.881  INFO 19562 --- [main] d.s.w.p.DocumentationPluginsBootstrapper : Context refreshed
2020-05-30 17:04:27.911  INFO 19562 --- [main] d.s.w.p.DocumentationPluginsBootstrapper : Found 1 custom documentation plugin(s)
2020-05-30 17:04:27.937  INFO 19562 --- [main] s.d.s.w.s.ApiListingReferenceScanner     : Scanning for api listing references
2020-05-30 17:04:28.039  INFO 19562 --- [main] c.s.j.JobFinderApiApplicationTests       : Started JobFinderApiApplicationTests in 2.519 seconds (JVM running for 3.249)
2020-05-30 17:04:28.391  INFO 19562 --- [SpringContextShutdownHook] o.s.s.concurrent.ThreadPoolTaskExecutor  : Shutting down ExecutorService 'applicationTaskExecutor'
2020-05-30 17:06:33.645  INFO 19610 --- [main] c.s.j.JobFinderApiApplicationTests       : Starting JobFinderApiApplicationTests on Pankajs-MBP-2 with PID 19610 (started by pankajpardasani in /Users/pankajpardasani/Projects/Job/jobfinder)
2020-05-30 17:06:33.647  INFO 19610 --- [main] c.s.j.JobFinderApiApplicationTests       : No active profile set, falling back to default profiles: default
2020-05-30 17:06:34.995  INFO 19610 --- [main] o.s.b.a.e.web.EndpointLinksResolver      : Exposing 2 endpoint(s) beneath base path '/actuator'
2020-05-30 17:06:35.089  INFO 19610 --- [main] pertySourcedRequestMappingHandlerMapping : Mapped URL path [/v2/api-docs] onto method [springfox.documentation.swagger2.web.Swagger2Controller#getDocumentation(String, HttpServletRequest)]
2020-05-30 17:06:35.256  INFO 19610 --- [main] o.s.s.concurrent.ThreadPoolTaskExecutor  : Initializing ExecutorService 'applicationTaskExecutor'
2020-05-30 17:06:35.499  INFO 19610 --- [main] d.s.w.p.DocumentationPluginsBootstrapper : Context refreshed
2020-05-30 17:06:35.511  INFO 19610 --- [main] d.s.w.p.DocumentationPluginsBootstrapper : Found 1 custom documentation plugin(s)
2020-05-30 17:06:35.528  INFO 19610 --- [main] s.d.s.w.s.ApiListingReferenceScanner     : Scanning for api listing references
2020-05-30 17:06:35.625  INFO 19610 --- [main] c.s.j.JobFinderApiApplicationTests       : Started JobFinderApiApplicationTests in 2.166 seconds (JVM running for 2.77)
2020-05-30 17:06:35.947  INFO 19610 --- [SpringContextShutdownHook] o.s.s.concurrent.ThreadPoolTaskExecutor  : Shutting down ExecutorService 'applicationTaskExecutor'
2020-05-30 17:08:12.607  INFO 19651 --- [main] c.s.j.JobFinderApiApplicationTests       : Starting JobFinderApiApplicationTests on Pankajs-MBP-2 with PID 19651 (started by pankajpardasani in /Users/pankajpardasani/Projects/Job/jobfinder)
2020-05-30 17:08:12.608  INFO 19651 --- [main] c.s.j.JobFinderApiApplicationTests       : No active profile set, falling back to default profiles: default
2020-05-30 17:08:13.939  INFO 19651 --- [main] o.s.b.a.e.web.EndpointLinksResolver      : Exposing 2 endpoint(s) beneath base path '/actuator'
2020-05-30 17:08:14.037  INFO 19651 --- [main] pertySourcedRequestMappingHandlerMapping : Mapped URL path [/v2/api-docs] onto method [springfox.documentation.swagger2.web.Swagger2Controller#getDocumentation(String, HttpServletRequest)]
2020-05-30 17:08:14.198  INFO 19651 --- [main] o.s.s.concurrent.ThreadPoolTaskExecutor  : Initializing ExecutorService 'applicationTaskExecutor'
2020-05-30 17:08:14.442  INFO 19651 --- [main] d.s.w.p.DocumentationPluginsBootstrapper : Context refreshed
2020-05-30 17:08:14.455  INFO 19651 --- [main] d.s.w.p.DocumentationPluginsBootstrapper : Found 1 custom documentation plugin(s)
2020-05-30 17:08:14.473  INFO 19651 --- [main] s.d.s.w.s.ApiListingReferenceScanner     : Scanning for api listing references
2020-05-30 17:08:14.578  INFO 19651 --- [main] c.s.j.JobFinderApiApplicationTests       : Started JobFinderApiApplicationTests in 2.187 seconds (JVM running for 2.794)
2020-05-30 17:08:14.905  INFO 19651 --- [SpringContextShutdownHook] o.s.s.concurrent.ThreadPoolTaskExecutor  : Shutting down ExecutorService 'applicationTaskExecutor'
2020-05-30 17:08:57.045  INFO 19686 --- [main] c.s.j.JobFinderApiApplicationTests       : Starting JobFinderApiApplicationTests on Pankajs-MBP-2 with PID 19686 (started by pankajpardasani in /Users/pankajpardasani/Projects/Job/jobfinder)
2020-05-30 17:08:57.046  INFO 19686 --- [main] c.s.j.JobFinderApiApplicationTests       : No active profile set, falling back to default profiles: default
2020-05-30 17:08:58.405  INFO 19686 --- [main] o.s.b.a.e.web.EndpointLinksResolver      : Exposing 2 endpoint(s) beneath base path '/actuator'
2020-05-30 17:08:58.501  INFO 19686 --- [main] pertySourcedRequestMappingHandlerMapping : Mapped URL path [/v2/api-docs] onto method [springfox.documentation.swagger2.web.Swagger2Controller#getDocumentation(String, HttpServletRequest)]
2020-05-30 17:08:58.654  INFO 19686 --- [main] o.s.s.concurrent.ThreadPoolTaskExecutor  : Initializing ExecutorService 'applicationTaskExecutor'
2020-05-30 17:08:58.896  INFO 19686 --- [main] d.s.w.p.DocumentationPluginsBootstrapper : Context refreshed
2020-05-30 17:08:58.907  INFO 19686 --- [main] d.s.w.p.DocumentationPluginsBootstrapper : Found 1 custom documentation plugin(s)
2020-05-30 17:08:58.926  INFO 19686 --- [main] s.d.s.w.s.ApiListingReferenceScanner     : Scanning for api listing references
2020-05-30 17:08:59.032  INFO 19686 --- [main] c.s.j.JobFinderApiApplicationTests       : Started JobFinderApiApplicationTests in 2.178 seconds (JVM running for 2.793)
2020-05-30 17:08:59.355  INFO 19686 --- [SpringContextShutdownHook] o.s.s.concurrent.ThreadPoolTaskExecutor  : Shutting down ExecutorService 'applicationTaskExecutor'
